C:\Users\hiroxpepe\Projects\signo\Audition~\MainWindow.xaml.cs(602,5): error CS1519: 繝｡繝ｳ繝舌・螳｣險縺ｮ繝医・繧ｯ繝ｳ '{' 縺檎┌蜉ｹ縺ｧ縺・[C:\Users\hiroxpepe\Projects\signo\Audition~\Signo.Audition.csproj]
C:\Users\hiroxpepe\Projects\signo\Audition~\MainWindow.xaml.cs(603,23): error CS8124: 繧ｿ繝励Ν縺ｫ縺ｯ 2 縺､莉･荳翫・隕∫ｴ縺悟ｿ・ｦ√〒縺吶・[C:\Users\hiroxpepe\Projects\signo\Audition~\Signo.Audition.csproj]
C:\Users\hiroxpepe\Projects\signo\Audition~\MainWindow.xaml.cs(603,23): error CS1026: ) 縺悟ｿ・ｦ√〒縺・[C:\Users\hiroxpepe\Projects\signo\Audition~\Signo.Audition.csproj]
C:\Users\hiroxpepe\Projects\signo\Audition~\MainWindow.xaml.cs(603,23): error CS1519: 繝｡繝ｳ繝舌・螳｣險縺ｮ繝医・繧ｯ繝ｳ '==' 縺檎┌蜉ｹ縺ｧ縺・[C:\Users\hiroxpepe\Projects\signo\Audition~\Signo.Audition.csproj]
C:\Users\hiroxpepe\Projects\signo\Audition~\MainWindow.xaml.cs(603,54): error CS1519: 繝｡繝ｳ繝舌・螳｣險縺ｮ繝医・繧ｯ繝ｳ ')' 縺檎┌蜉ｹ縺ｧ縺・[C:\Users\hiroxpepe\Projects\signo\Audition~\Signo.Audition.csproj]
C:\Users\hiroxpepe\Projects\signo\Audition~\MainWindow.xaml.cs(604,23): error CS1519: 繝｡繝ｳ繝舌・螳｣險縺ｮ繝医・繧ｯ繝ｳ '=' 縺檎┌蜉ｹ縺ｧ縺・[C:\Users\hiroxpepe\Projects\signo\Audition~\Signo.Audition.csproj]
C:\Users\hiroxpepe\Projects\signo\Audition~\MainWindow.xaml.cs(604,54): error CS1001: 隴伜挨蟄舌′縺ゅｊ縺ｾ縺帙ｓ [C:\Users\hiroxpepe\Projects\signo\Audition~\Signo.Audition.csproj]
C:\Users\hiroxpepe\Projects\signo\Audition~\MainWindow.xaml.cs(605,27): error CS1519: 繝｡繝ｳ繝舌・螳｣險縺ｮ繝医・繧ｯ繝ｳ '(' 縺檎┌蜉ｹ縺ｧ縺・[C:\Users\hiroxpepe\Projects\signo\Audition~\Signo.Audition.csproj]
C:\Users\hiroxpepe\Projects\signo\Audition~\MainWindow.xaml.cs(605,28): error CS8124: 繧ｿ繝励Ν縺ｫ縺ｯ 2 縺､莉･荳翫・隕∫ｴ縺悟ｿ・ｦ√〒縺吶・[C:\Users\hiroxpepe\Projects\signo\Audition~\Signo.Audition.csproj]
C:\Users\hiroxpepe\Projects\signo\Audition~\MainWindow.xaml.cs(605,29): error CS1519: 繝｡繝ｳ繝舌・螳｣險縺ｮ繝医・繧ｯ繝ｳ ';' 縺檎┌蜉ｹ縺ｧ縺・[C:\Users\hiroxpepe\Projects\signo\Audition~\Signo.Audition.csproj]
C:\Users\hiroxpepe\Projects\signo\Audition~\MainWindow.xaml.cs(606,11): error CS1022: 蝙九∝錐蜑咲ｩｺ髢薙・螳夂ｾｩ縲√∪縺溘・繝輔ぃ繧､繝ｫ縺ｮ邨ゅｏ繧翫′蠢・ｦ√〒縺・[C:\Users\hiroxpepe\Projects\signo\Audition~\Signo.Audition.csproj]
C:\Users\hiroxpepe\Projects\signo\Audition~\MainWindow.xaml.cs(607,23): error CS0116: 蜷榊燕遨ｺ髢薙↓繝輔ぅ繝ｼ繝ｫ繝峨ｄ繝｡繧ｽ繝・ラ縲√∪縺溘・繧ｹ繝・・繝医Γ繝ｳ繝医・繧医≧縺ｪ繝｡繝ｳ繝舌・繧堤峩謗･蜷ｫ繧√ｋ縺薙→縺ｯ縺ｧ縺阪∪縺帙ｓ [C:\Users\hiroxpepe\Projects\signo\Audition~\Signo.Audition.csproj]
C:\Users\hiroxpepe\Projects\signo\Audition~\MainWindow.xaml.cs(607,32): error CS8124: 繧ｿ繝励Ν縺ｫ縺ｯ 2 縺､莉･荳翫・隕∫ｴ縺悟ｿ・ｦ√〒縺吶・[C:\Users\hiroxpepe\Projects\signo\Audition~\Signo.Audition.csproj]
C:\Users\hiroxpepe\Projects\signo\Audition~\MainWindow.xaml.cs(607,33): error CS1022: 蝙九∝錐蜑咲ｩｺ髢薙・螳夂ｾｩ縲√∪縺溘・繝輔ぃ繧､繝ｫ縺ｮ邨ゅｏ繧翫′蠢・ｦ√〒縺・[C:\Users\hiroxpepe\Projects\signo\Audition~\Signo.Audition.csproj]
C:\Users\hiroxpepe\Projects\signo\Audition~\MainWindow.xaml.cs(608,9): error CS1022: 蝙九∝錐蜑咲ｩｺ髢薙・螳夂ｾｩ縲√∪縺溘・繝輔ぃ繧､繝ｫ縺ｮ邨ゅｏ繧翫′蠢・ｦ√〒縺・[C:\Users\hiroxpepe\Projects\signo\Audition~\Signo.Audition.csproj]
C:\Users\hiroxpepe\Projects\signo\Audition~\MainWindow.xaml.cs(609,5): error CS1022: 蝙九∝錐蜑咲ｩｺ髢薙・螳夂ｾｩ縲√∪縺溘・繝輔ぃ繧､繝ｫ縺ｮ邨ゅｏ繧翫′蠢・ｦ√〒縺・[C:\Users\hiroxpepe\Projects\signo\Audition~\Signo.Audition.csproj]
C:\Users\hiroxpepe\Projects\signo\Audition~\MainWindow.xaml.cs(611,5): error CS8803: 繝医ャ繝励Ξ繝吶Ν縺ｮ繧ｹ繝・・繝医Γ繝ｳ繝医・縲∝錐蜑咲ｩｺ髢薙♀繧医・蝙九・螳｣險縺ｮ蜑阪↓縺ゅｋ蠢・ｦ√′縺ゅｊ縺ｾ縺吶・[C:\Users\hiroxpepe\Projects\signo\Audition~\Signo.Audition.csproj]
C:\Users\hiroxpepe\Projects\signo\Audition~\MainWindow.xaml.cs(697,5): error CS0106: 菫ｮ鬟ｾ蟄・'readonly' 縺後％縺ｮ鬆・岼縺ｫ蟇ｾ縺励※譛牙柑縺ｧ縺ｯ縺ゅｊ縺ｾ縺帙ｓ [C:\Users\hiroxpepe\Projects\signo\Audition~\Signo.Audition.csproj]
C:\Users\hiroxpepe\Projects\signo\Audition~\MainWindow.xaml.cs(1005,1): error CS1022: 蝙九∝錐蜑咲ｩｺ髢薙・螳夂ｾｩ縲√∪縺溘・繝輔ぃ繧､繝ｫ縺ｮ邨ゅｏ繧翫′蠢・ｦ√〒縺・[C:\Users\hiroxpepe\Projects\signo\Audition~\Signo.Audition.csproj]

繝薙Ν繝峨↓螟ｱ謨励＠縺ｾ縺励◆縲ゅン繝ｫ繝・繧ｨ繝ｩ繝ｼ繧剃ｿｮ豁｣縺励※縲√ｂ縺・ｸ蠎ｦ螳溯｡後＠縺ｦ縺上□縺輔＞縲・
